0 info it worked if it ends with ok
1 verbose cli [ '/usr/bin/node', '/usr/bin/npm', 'publish' ]
2 info using npm@1.4.28
3 info using node@v0.10.32
4 verbose node symlink /usr/bin/node
5 verbose publish [ '.' ]
6 verbose cache add [ '.', null ]
7 verbose cache add name=undefined spec="." args=[".",null]
8 verbose parsed url { protocol: null,
8 verbose parsed url   slashes: null,
8 verbose parsed url   auth: null,
8 verbose parsed url   host: null,
8 verbose parsed url   port: null,
8 verbose parsed url   hostname: null,
8 verbose parsed url   hash: null,
8 verbose parsed url   search: null,
8 verbose parsed url   query: null,
8 verbose parsed url   pathname: '.',
8 verbose parsed url   path: '.',
8 verbose parsed url   href: '.' }
9 silly lockFile 3a52ce78- .
10 verbose lock . /home/vagrant/.npm/3a52ce78-.lock
11 verbose tar pack [ '/home/vagrant/.npm/adaptor-crudbrella-mongoose/0.0.1/package.tgz',
11 verbose tar pack   '.' ]
12 verbose tarball /home/vagrant/.npm/adaptor-crudbrella-mongoose/0.0.1/package.tgz
13 verbose folder .
14 info prepublish adaptor-crudbrella-mongoose@0.0.1
15 silly lockFile 1f1177db-tar tar://.
16 verbose lock tar://. /home/vagrant/.npm/1f1177db-tar.lock
17 silly lockFile 8c04323a-rella-mongoose-0-0-1-package-tgz tar:///home/vagrant/.npm/adaptor-crudbrella-mongoose/0.0.1/package.tgz
18 verbose lock tar:///home/vagrant/.npm/adaptor-crudbrella-mongoose/0.0.1/package.tgz /home/vagrant/.npm/8c04323a-rella-mongoose-0-0-1-package-tgz.lock
19 silly lockFile 1f1177db-tar tar://.
20 silly lockFile 1f1177db-tar tar://.
21 silly lockFile 8c04323a-rella-mongoose-0-0-1-package-tgz tar:///home/vagrant/.npm/adaptor-crudbrella-mongoose/0.0.1/package.tgz
22 silly lockFile 8c04323a-rella-mongoose-0-0-1-package-tgz tar:///home/vagrant/.npm/adaptor-crudbrella-mongoose/0.0.1/package.tgz
23 silly lockFile 464ad512-rudbrella-mongoose-0-0-1-package /home/vagrant/.npm/adaptor-crudbrella-mongoose/0.0.1/package
24 verbose lock /home/vagrant/.npm/adaptor-crudbrella-mongoose/0.0.1/package /home/vagrant/.npm/464ad512-rudbrella-mongoose-0-0-1-package.lock
25 silly lockFile 464ad512-rudbrella-mongoose-0-0-1-package /home/vagrant/.npm/adaptor-crudbrella-mongoose/0.0.1/package
26 silly lockFile 464ad512-rudbrella-mongoose-0-0-1-package /home/vagrant/.npm/adaptor-crudbrella-mongoose/0.0.1/package
27 silly lockFile 3a52ce78- .
28 silly lockFile 3a52ce78- .
29 silly publish { name: 'adaptor-crudbrella-mongoose',
29 silly publish   version: '0.0.1',
29 silly publish   description: 'A mongoose adaptor for crudbrella',
29 silly publish   main: 'index.js',
29 silly publish   scripts: { test: 'echo "Error: no test specified" && exit 1' },
29 silly publish   author: '',
29 silly publish   license: 'ISC',
29 silly publish   dependencies: { lodash: '^2.4.1' },
29 silly publish   devDependencies: {},
29 silly publish   repository:
29 silly publish    { type: 'git',
29 silly publish      url: 'https://github.com/paulparton/adaptor-crudbrella-mongoose.git' },
29 silly publish   bugs: { url: 'https://github.com/paulparton/adaptor-crudbrella-mongoose/issues' },
29 silly publish   homepage: 'https://github.com/paulparton/adaptor-crudbrella-mongoose',
29 silly publish   gitHead: 'd71895aa53c78ac32faf2ef97c84d66a3aa7cca2',
29 silly publish   readme: 'ERROR: No README data found!',
29 silly publish   _id: 'adaptor-crudbrella-mongoose@0.0.1',
29 silly publish   _shasum: 'e0f66d8d910700aa47ca87d7c7bd749a591df2a0',
29 silly publish   _from: '.' }
30 verbose request where is /adaptor-crudbrella-mongoose
31 verbose request registry https://registry.npmjs.org/
32 verbose request id 53c2603723218016
33 verbose url raw /adaptor-crudbrella-mongoose
34 verbose url resolving [ 'https://registry.npmjs.org/',
34 verbose url resolving   './adaptor-crudbrella-mongoose' ]
35 verbose url resolved https://registry.npmjs.org/adaptor-crudbrella-mongoose
36 verbose request where is https://registry.npmjs.org/adaptor-crudbrella-mongoose
37 info trying registry request attempt 1 at 05:57:30
38 http PUT https://registry.npmjs.org/adaptor-crudbrella-mongoose
39 http 403 https://registry.npmjs.org/adaptor-crudbrella-mongoose
40 verbose headers { date: 'Sun, 30 Nov 2014 05:57:30 GMT',
40 verbose headers   server: 'CouchDB/1.5.0 (Erlang OTP/R16B03)',
40 verbose headers   'content-type': 'application/json',
40 verbose headers   'cache-control': 'max-age=60',
40 verbose headers   'content-length': '2055',
40 verbose headers   'accept-ranges': 'bytes',
40 verbose headers   via: '1.1 varnish',
40 verbose headers   'x-served-by': 'cache-syd1621-SYD',
40 verbose headers   'x-cache': 'MISS',
40 verbose headers   'x-cache-hits': '0',
40 verbose headers   'x-timer': 'S1417327050.520337,VS0,VE195',
40 verbose headers   'keep-alive': 'timeout=10, max=50',
40 verbose headers   connection: 'Keep-Alive' }
41 error publish Failed PUT 403
42 error Error: forbidden cannot modify pre-existing version: 0.0.1
42 error old={"name":"adaptor-crudbrella-mongoose","version":"0.0.1","description":"A mongoose adaptor for crudbrella","main":"index.js","scripts":{"test":"echo \"Error: no test specified\" && exit 1"},"author":"","license":"ISC","dependencies":{"lodash":"^2.4.1"},"gitHead":"d71895aa53c78ac32faf2ef97c84d66a3aa7cca2","_id":"adaptor-crudbrella-mongoose@0.0.1","_shasum":"40a86779d3099b046bc86622b1c0f7c2bde22b80","_from":".","_npmVersion":"1.4.28","_npmUser":{"name":"paupl","email":"paulparton@gmail.com"},"maintainers":[{"name":"paupl","email":"paulparton@gmail.com"}],"dist":{"shasum":"40a86779d3099b046bc86622b1c0f7c2bde22b80","tarball":"http://registry.npmjs.org/adaptor-crudbrella-mongoose/-/adaptor-crudbrella-mongoose-0.0.1.tgz"}}
42 error new={"name":"adaptor-crudbrella-mongoose","version":"0.0.1","description":"A mongoose adaptor for crudbrella","main":"index.js","scripts":{"test":"echo \"Error: no test specified\" && exit 1"},"author":"","license":"ISC","dependencies":{"lodash":"^2.4.1"},"devDependencies":{},"repository":{"type":"git","url":"https://github.com/paulparton/adaptor-crudbrella-mongoose.git"},"bugs":{"url":"https://github.com/paulparton/adaptor-crudbrella-mongoose/issues"},"homepage":"https://github.com/paulparton/adaptor-crudbrella-mongoose","gitHead":"d71895aa53c78ac32faf2ef97c84d66a3aa7cca2","readme":"ERROR: No README data found!","_id":"adaptor-crudbrella-mongoose@0.0.1","_shasum":"e0f66d8d910700aa47ca87d7c7bd749a591df2a0","_from":".","_npmVersion":"1.4.28","_npmUser":{"name":"paupl","email":"paulparton@gmail.com"},"maintainers":[{"name":"paupl","email":"paulparton@gmail.com"}],"dist":{"shasum":"e0f66d8d910700aa47ca87d7c7bd749a591df2a0","tarball":"http://registry.npmjs.org/adaptor-crudbrella-mongoose/-/adaptor-crudbrella-mongoose-0.0.1.tgz"}}: adaptor-crudbrella-mongoose
42 error     at RegClient.<anonymous> (/usr/lib/node_modules/npm/node_modules/npm-registry-client/lib/request.js:308:14)
42 error     at Request._callback (/usr/lib/node_modules/npm/node_modules/npm-registry-client/lib/request.js:246:65)
42 error     at Request.self.callback (/usr/lib/node_modules/npm/node_modules/request/request.js:236:22)
42 error     at Request.emit (events.js:98:17)
42 error     at Request.<anonymous> (/usr/lib/node_modules/npm/node_modules/request/request.js:1142:14)
42 error     at Request.emit (events.js:117:20)
42 error     at IncomingMessage.<anonymous> (/usr/lib/node_modules/npm/node_modules/request/request.js:1096:12)
42 error     at IncomingMessage.emit (events.js:117:20)
42 error     at _stream_readable.js:943:16
42 error     at process._tickCallback (node.js:419:13)
43 error If you need help, you may report this *entire* log,
43 error including the npm and node versions, at:
43 error     <http://github.com/npm/npm/issues>
44 error System Linux 3.2.0-23-generic
45 error command "/usr/bin/node" "/usr/bin/npm" "publish"
46 error cwd /home/vagrant/projects/adaptor-crudbrella-mongoose
47 error node -v v0.10.32
48 error npm -v 1.4.28
49 verbose exit [ 1, true ]
